<?xml version="1.0" encoding="UTF-8"?>
<!-- Generated by org.testng.reporters.JUnitReportReporter -->
<testsuite hostname="CMLMTILAKARATNE" name="TestNG_Annotations" tests="1" failures="0" timestamp="21 Nov 2016 05:28:48 GMT" time="0.007" errors="0">
  <testcase name="firstTest" time="0.007" classname="TestNG_Annotations"/>
</testsuite> <!-- TestNG_Annotations -->
