<?xml version="1.0" encoding="UTF-8"?>
<!-- Generated by org.testng.reporters.JUnitReportReporter -->
<testsuite hostname="CMLMTILAKARATNE" name="FutureM.RealEstate" tests="1" failures="0" timestamp="20 Oct 2016 09:28:37 GMT" time="57.881" errors="0">
  <testcase name="f" time="57.881" classname="FutureM.RealEstate"/>
</testsuite> <!-- FutureM.RealEstate -->
