<?xml version="1.0" encoding="UTF-8"?>
<!-- Generated by org.testng.reporters.JUnitReportReporter -->
<testsuite hostname="CMLMTILAKARATNE" name="FutureM.NewTest" tests="1" failures="0" timestamp="6 Oct 2016 10:10:28 GMT" time="40.361" errors="0">
  <testcase name="f" time="40.361" classname="FutureM.NewTest"/>
</testsuite> <!-- FutureM.NewTest -->
