<?xml version="1.0" encoding="UTF-8"?>
<!-- Generated by org.testng.reporters.JUnitReportReporter -->
<testsuite hostname="CMDRTWEERASOORI" name="futureM.NewTest" tests="1" failures="0" timestamp="6 Oct 2016 09:54:50 GMT" time="19.596" errors="0">
  <testcase name="f" time="19.596" classname="futureM.NewTest"/>
</testsuite> <!-- futureM.NewTest -->
