<?xml version="1.0" encoding="UTF-8"?>
<!-- Generated by org.testng.reporters.JUnitReportReporter -->
<testsuite hostname="CMLMTILAKARATNE" name="futureAkura.test" tests="1" failures="0" timestamp="28 Oct 2016 11:08:43 GMT" time="36.395" errors="0">
  <testcase name="main" time="36.395" classname="futureAkura.test"/>
</testsuite> <!-- futureAkura.test -->
