<?xml version="1.0" encoding="UTF-8"?>
<!-- Generated by org.testng.reporters.JUnitReportReporter -->
<testsuite hostname="CMLMTILAKARATNE" name="futureAkura.TestNG" tests="1" failures="0" timestamp="28 Oct 2016 11:08:43 GMT" time="15.287" errors="0">
  <testcase name="main" time="15.287" classname="futureAkura.TestNG"/>
</testsuite> <!-- futureAkura.TestNG -->
