<?xml version="1.0" encoding="UTF-8"?>
<!-- Generated by org.testng.reporters.JUnitReportReporter -->
<testsuite hostname="CMLMTILAKARATNE" name="futureAkura.Akura1" tests="1" failures="0" timestamp="24 Oct 2016 08:40:50 GMT" time="16.467" errors="0">
  <testcase name="main" time="16.467" classname="futureAkura.Akura1"/>
</testsuite> <!-- futureAkura.Akura1 -->
